Exporting package to 'C:\Users\Terence\Desktop\zcUml3-1\battery_read.xml'
Retrieving data for export: diagram elements
Retrieving data for export: links
Retrieving data for export: constraints
Retrieving data for export: attribute tagged values
Retrieving data for export: operation tagged values
Retrieving data for export: operation parameter tagged values
Retrieving data for export: connector tagged values
Completed data retrieval
Pre-processing export tree...
Completed pre-processing
Processing package: battery_read
Diagram: battery_read
Element:0: battery
Element:1: copter
Element:2: drivers[i]
Element:3: exit immediately if no monitors setup
Element:4: read driver now
Element:5: read the battery driver
Adding State-Tables
Sequencing Interaction Diagrams
Formatting output XML...please wait
XMI Document Export Complete!
